[0712/082758.755:ERROR:cache_util_win.cc(20)] Unable to move the cache: 5
[0712/082758.755:ERROR:cache_util.cc(134)] Unable to move cache folder GPUCache to old_GPUCache_000
[0712/082758.756:ERROR:disk_cache.cc(169)] Unable to create cache
[0712/082758.756:ERROR:shader_disk_cache.cc(601)] Shader Cache Creation failed: -2
[0720/141729.361:WARNING:url_request_job_manager.cc(90)] Failed to map: chrome-devtools://devtools/product_registry_impl/product_registry_impl_module.js
[0720/141729.467:ERROR:CONSOLE(22)] "Empty response arrived for script 'chrome-devtools://devtools/product_registry_impl/product_registry_impl_module.js'", source: chrome-devtools://devtools/inspector.js (22)
[0720/141729.471:ERROR:CONSOLE(105)] "Uncaught (in promise) Error: Could not instantiate: ProductRegistryImpl.Registry", source: chrome-devtools://devtools/inspector.js (105)
[0720/141729.472:ERROR:CONSOLE(105)] "Uncaught (in promise) Error: Could not instantiate: ProductRegistryImpl.Registry", source: chrome-devtools://devtools/inspector.js (105)
[0720/141729.472:ERROR:CONSOLE(105)] "Uncaught (in promise) Error: Could not instantiate: ProductRegistryImpl.Registry", source: chrome-devtools://devtools/inspector.js (105)
[0720/141729.472:ERROR:CONSOLE(105)] "Uncaught (in promise) Error: Could not instantiate: ProductRegistryImpl.Registry", source: chrome-devtools://devtools/inspector.js (105)
[0720/141729.472:ERROR:CONSOLE(105)] "Uncaught (in promise) Error: Could not instantiate: ProductRegistryImpl.Registry", source: chrome-devtools://devtools/inspector.js (105)
[0720/141729.472:ERROR:CONSOLE(105)] "Uncaught (in promise) Error: Could not instantiate: ProductRegistryImpl.Registry", source: chrome-devtools://devtools/inspector.js (105)
[0720/141729.472:ERROR:CONSOLE(105)] "Uncaught (in promise) Error: Could not instantiate: ProductRegistryImpl.Registry", source: chrome-devtools://devtools/inspector.js (105)
[0720/141729.472:ERROR:CONSOLE(105)] "Uncaught (in promise) Error: Could not instantiate: ProductRegistryImpl.Registry", source: chrome-devtools://devtools/inspector.js (105)
[0720/141729.472:ERROR:CONSOLE(105)] "Uncaught (in promise) Error: Could not instantiate: ProductRegistryImpl.Registry", source: chrome-devtools://devtools/inspector.js (105)
[0720/141729.472:ERROR:CONSOLE(105)] "Uncaught (in promise) Error: Could not instantiate: ProductRegistryImpl.Registry", source: chrome-devtools://devtools/inspector.js (105)
[0720/141729.473:ERROR:CONSOLE(105)] "Uncaught (in promise) Error: Could not instantiate: ProductRegistryImpl.Registry", source: chrome-devtools://devtools/inspector.js (105)
[0720/141729.473:ERROR:CONSOLE(105)] "Uncaught (in promise) Error: Could not instantiate: ProductRegistryImpl.Registry", source: chrome-devtools://devtools/inspector.js (105)
[0720/141729.473:ERROR:CONSOLE(105)] "Uncaught (in promise) Error: Could not instantiate: ProductRegistryImpl.Registry", source: chrome-devtools://devtools/inspector.js (105)
[0720/141729.473:ERROR:CONSOLE(105)] "Uncaught (in promise) Error: Could not instantiate: ProductRegistryImpl.Registry", source: chrome-devtools://devtools/inspector.js (105)
[0720/141731.029:ERROR:CONSOLE(105)] "Uncaught (in promise) Error: Could not instantiate: ProductRegistryImpl.Registry", source: chrome-devtools://devtools/inspector.js (105)
[0720/141731.029:ERROR:CONSOLE(105)] "Uncaught (in promise) Error: Could not instantiate: ProductRegistryImpl.Registry", source: chrome-devtools://devtools/inspector.js (105)
[0720/141731.029:ERROR:CONSOLE(105)] "Uncaught (in promise) Error: Could not instantiate: ProductRegistryImpl.Registry", source: chrome-devtools://devtools/inspector.js (105)
[0720/141731.029:ERROR:CONSOLE(105)] "Uncaught (in promise) Error: Could not instantiate: ProductRegistryImpl.Registry", source: chrome-devtools://devtools/inspector.js (105)
[0720/141731.029:ERROR:CONSOLE(105)] "Uncaught (in promise) Error: Could not instantiate: ProductRegistryImpl.Registry", source: chrome-devtools://devtools/inspector.js (105)
[0720/141731.029:ERROR:CONSOLE(105)] "Uncaught (in promise) Error: Could not instantiate: ProductRegistryImpl.Registry", source: chrome-devtools://devtools/inspector.js (105)
[0720/141731.029:ERROR:CONSOLE(105)] "Uncaught (in promise) Error: Could not instantiate: ProductRegistryImpl.Registry", source: chrome-devtools://devtools/inspector.js (105)
[0720/141731.029:ERROR:CONSOLE(105)] "Uncaught (in promise) Error: Could not instantiate: ProductRegistryImpl.Registry", source: chrome-devtools://devtools/inspector.js (105)
[0720/141731.029:ERROR:CONSOLE(105)] "Uncaught (in promise) Error: Could not instantiate: ProductRegistryImpl.Registry", source: chrome-devtools://devtools/inspector.js (105)
[0720/141731.029:ERROR:CONSOLE(105)] "Uncaught (in promise) Error: Could not instantiate: ProductRegistryImpl.Registry", source: chrome-devtools://devtools/inspector.js (105)
[0720/141731.029:ERROR:CONSOLE(105)] "Uncaught (in promise) Error: Could not instantiate: ProductRegistryImpl.Registry", source: chrome-devtools://devtools/inspector.js (105)
[0720/141731.029:ERROR:CONSOLE(105)] "Uncaught (in promise) Error: Could not instantiate: ProductRegistryImpl.Registry", source: chrome-devtools://devtools/inspector.js (105)
[0720/141731.029:ERROR:CONSOLE(105)] "Uncaught (in promise) Error: Could not instantiate: ProductRegistryImpl.Registry", source: chrome-devtools://devtools/inspector.js (105)
[0720/141734.762:ERROR:CONSOLE(105)] "Uncaught (in promise) Error: Could not instantiate: ProductRegistryImpl.Registry", source: chrome-devtools://devtools/inspector.js (105)
[0720/141734.762:ERROR:CONSOLE(105)] "Uncaught (in promise) Error: Could not instantiate: ProductRegistryImpl.Registry", source: chrome-devtools://devtools/inspector.js (105)
[0720/141734.762:ERROR:CONSOLE(105)] "Uncaught (in promise) Error: Could not instantiate: ProductRegistryImpl.Registry", source: chrome-devtools://devtools/inspector.js (105)
[0720/141734.762:ERROR:CONSOLE(105)] "Uncaught (in promise) Error: Could not instantiate: ProductRegistryImpl.Registry", source: chrome-devtools://devtools/inspector.js (105)
[0720/141734.762:ERROR:CONSOLE(105)] "Uncaught (in promise) Error: Could not instantiate: ProductRegistryImpl.Registry", source: chrome-devtools://devtools/inspector.js (105)
[0720/141734.762:ERROR:CONSOLE(105)] "Uncaught (in promise) Error: Could not instantiate: ProductRegistryImpl.Registry", source: chrome-devtools://devtools/inspector.js (105)
[0720/141734.762:ERROR:CONSOLE(105)] "Uncaught (in promise) Error: Could not instantiate: ProductRegistryImpl.Registry", source: chrome-devtools://devtools/inspector.js (105)
[0720/141734.763:ERROR:CONSOLE(105)] "Uncaught (in promise) Error: Could not instantiate: ProductRegistryImpl.Registry", source: chrome-devtools://devtools/inspector.js (105)
[0720/141734.763:ERROR:CONSOLE(105)] "Uncaught (in promise) Error: Could not instantiate: ProductRegistryImpl.Registry", source: chrome-devtools://devtools/inspector.js (105)
[0720/141734.763:ERROR:CONSOLE(105)] "Uncaught (in promise) Error: Could not instantiate: ProductRegistryImpl.Registry", source: chrome-devtools://devtools/inspector.js (105)
[0720/141734.763:ERROR:CONSOLE(105)] "Uncaught (in promise) Error: Could not instantiate: ProductRegistryImpl.Registry", source: chrome-devtools://devtools/inspector.js (105)
[0720/141734.763:ERROR:CONSOLE(105)] "Uncaught (in promise) Error: Could not instantiate: ProductRegistryImpl.Registry", source: chrome-devtools://devtools/inspector.js (105)
[0720/141734.763:ERROR:CONSOLE(105)] "Uncaught (in promise) Error: Could not instantiate: ProductRegistryImpl.Registry", source: chrome-devtools://devtools/inspector.js (105)
[0720/141738.991:ERROR:CONSOLE(105)] "Uncaught (in promise) Error: Could not instantiate: ProductRegistryImpl.Registry", source: chrome-devtools://devtools/inspector.js (105)
[0720/141738.992:ERROR:CONSOLE(105)] "Uncaught (in promise) Error: Could not instantiate: ProductRegistryImpl.Registry", source: chrome-devtools://devtools/inspector.js (105)
[0720/141738.992:ERROR:CONSOLE(105)] "Uncaught (in promise) Error: Could not instantiate: ProductRegistryImpl.Registry", source: chrome-devtools://devtools/inspector.js (105)
[0720/141738.992:ERROR:CONSOLE(105)] "Uncaught (in promise) Error: Could not instantiate: ProductRegistryImpl.Registry", source: chrome-devtools://devtools/inspector.js (105)
[0720/141738.992:ERROR:CONSOLE(105)] "Uncaught (in promise) Error: Could not instantiate: ProductRegistryImpl.Registry", source: chrome-devtools://devtools/inspector.js (105)
[0720/141738.992:ERROR:CONSOLE(105)] "Uncaught (in promise) Error: Could not instantiate: ProductRegistryImpl.Registry", source: chrome-devtools://devtools/inspector.js (105)
[0720/141738.992:ERROR:CONSOLE(105)] "Uncaught (in promise) Error: Could not instantiate: ProductRegistryImpl.Registry", source: chrome-devtools://devtools/inspector.js (105)
[0720/141738.992:ERROR:CONSOLE(105)] "Uncaught (in promise) Error: Could not instantiate: ProductRegistryImpl.Registry", source: chrome-devtools://devtools/inspector.js (105)
[0720/141738.992:ERROR:CONSOLE(105)] "Uncaught (in promise) Error: Could not instantiate: ProductRegistryImpl.Registry", source: chrome-devtools://devtools/inspector.js (105)
[0720/141738.992:ERROR:CONSOLE(105)] "Uncaught (in promise) Error: Could not instantiate: ProductRegistryImpl.Registry", source: chrome-devtools://devtools/inspector.js (105)
[0720/141738.992:ERROR:CONSOLE(105)] "Uncaught (in promise) Error: Could not instantiate: ProductRegistryImpl.Registry", source: chrome-devtools://devtools/inspector.js (105)
[0720/141738.992:ERROR:CONSOLE(105)] "Uncaught (in promise) Error: Could not instantiate: ProductRegistryImpl.Registry", source: chrome-devtools://devtools/inspector.js (105)
[0720/141738.992:ERROR:CONSOLE(105)] "Uncaught (in promise) Error: Could not instantiate: ProductRegistryImpl.Registry", source: chrome-devtools://devtools/inspector.js (105)
[0720/141750.826:ERROR:CONSOLE(105)] "Uncaught (in promise) Error: Could not instantiate: ProductRegistryImpl.Registry", source: chrome-devtools://devtools/inspector.js (105)
[0720/141750.850:ERROR:CONSOLE(105)] "Uncaught (in promise) Error: Could not instantiate: ProductRegistryImpl.Registry", source: chrome-devtools://devtools/inspector.js (105)
[0910/122012.811:INFO:CONSOLE(1)] "Uncaught TypeError: Cannot set property 'value' of undefined", source: about:blank (1)
[0910/122012.812:INFO:CONSOLE(1)] "Uncaught TypeError: Cannot set property 'value' of undefined", source: about:blank (1)
[0910/135239.166:INFO:CONSOLE(1)] "Uncaught TypeError: Cannot set property 'value' of undefined", source: about:blank (1)
[0911/084150.404:INFO:CONSOLE(1)] "[object Object]", source: http://epms-dev:3010/js/app.fd8ea72f.js (1)
[0911/084441.666:WARNING:dns_config_service_win.cc(669)] Failed to read DnsConfig.
[0911/085103.812:WARNING:dns_config_service_win.cc(669)] Failed to read DnsConfig.
[0911/085108.820:WARNING:dns_config_service_win.cc(669)] Failed to read DnsConfig.
[0911/085109.826:INFO:CONSOLE(1)] "WebSocket connection to 'ws://epms-dev:3030/socket.io/?EIO=3&transport=websocket' failed: Error in connection establishment: net::ERR_INTERNET_DISCONNECTED", source: http://epms-dev:3010/js/chunk-vendors.94f64f5e.js (1)
[0911/085111.043:INFO:CONSOLE(1)] "WebSocket connection to 'ws://epms-dev:3030/socket.io/?EIO=3&transport=websocket' failed: Error in connection establishment: net::ERR_INTERNET_DISCONNECTED", source: http://epms-dev:3010/js/chunk-vendors.94f64f5e.js (1)
[0911/085113.828:WARNING:dns_config_service_win.cc(669)] Failed to read DnsConfig.
[0911/085114.216:INFO:CONSOLE(1)] "WebSocket connection to 'ws://epms-dev:3030/socket.io/?EIO=3&transport=websocket' failed: Error in connection establishment: net::ERR_INTERNET_DISCONNECTED", source: http://epms-dev:3010/js/chunk-vendors.94f64f5e.js (1)
[0911/085118.844:WARNING:dns_config_service_win.cc(669)] Failed to read DnsConfig.
[0911/085119.231:INFO:CONSOLE(1)] "WebSocket connection to 'ws://epms-dev:3030/socket.io/?EIO=3&transport=websocket' failed: Error in connection establishment: net::ERR_INTERNET_DISCONNECTED", source: http://epms-dev:3010/js/chunk-vendors.94f64f5e.js (1)
[0911/085123.855:WARNING:dns_config_service_win.cc(669)] Failed to read DnsConfig.
[0911/085124.252:INFO:CONSOLE(1)] "WebSocket connection to 'ws://epms-dev:3030/socket.io/?EIO=3&transport=websocket' failed: Error in connection establishment: net::ERR_INTERNET_DISCONNECTED", source: http://epms-dev:3010/js/chunk-vendors.94f64f5e.js (1)
[0911/085128.868:WARNING:dns_config_service_win.cc(669)] Failed to read DnsConfig.
[0911/085129.668:INFO:CONSOLE(1)] "WebSocket connection to 'ws://epms-dev:3030/socket.io/?EIO=3&transport=websocket' failed: Error in connection establishment: net::ERR_INTERNET_DISCONNECTED", source: http://epms-dev:3010/js/chunk-vendors.94f64f5e.js (1)
[0911/085133.874:WARNING:dns_config_service_win.cc(669)] Failed to read DnsConfig.
[0911/085135.672:INFO:CONSOLE(1)] "WebSocket connection to 'ws://epms-dev:3030/socket.io/?EIO=3&transport=websocket' failed: Error in connection establishment: net::ERR_INTERNET_DISCONNECTED", source: http://epms-dev:3010/js/chunk-vendors.94f64f5e.js (1)
[0911/085138.880:WARNING:dns_config_service_win.cc(669)] Failed to read DnsConfig.
[0911/085141.666:INFO:CONSOLE(1)] "WebSocket connection to 'ws://epms-dev:3030/socket.io/?EIO=3&transport=websocket' failed: Error in connection establishment: net::ERR_INTERNET_DISCONNECTED", source: http://epms-dev:3010/js/chunk-vendors.94f64f5e.js (1)
[0911/090425.428:INFO:CONSOLE(1)] "[object Object]", source: http://epms-dev:3010/js/app.fd8ea72f.js (1)
[0911/090430.073:INFO:CONSOLE(1)] "[object Object]", source: http://epms-dev:3010/js/app.fd8ea72f.js (1)
[0911/090441.290:INFO:CONSOLE(1)] "[object Object]", source: http://epms-dev:3010/js/app.fd8ea72f.js (1)
